<?xml version="1.0" encoding="UTF-8"?>
<!-- Generated by org.testng.reporters.JUnitReportReporter -->
<testsuite hostname="MDALLAL" failures="0" tests="17" name="CodenBoxAutomationTest.CodenBoxAutomationTest.AppTest" time="60.208" errors="0" timestamp="2025-06-03T18:10:43 GMT+03:00" skipped="0">
  <testcase classname="CodenBoxAutomationTest.CodenBoxAutomationTest.AppTest" name="RadioButton" time="2.306"/>
  <testcase classname="CodenBoxAutomationTest.CodenBoxAutomationTest.AppTest" name="DynamicDropdown" time="2.672"/>
  <testcase classname="CodenBoxAutomationTest.CodenBoxAutomationTest.AppTest" name="StaticDropdown" time="1.359"/>
  <testcase classname="CodenBoxAutomationTest.CodenBoxAutomationTest.AppTest" name="Checkbox" time="0.351"/>
  <testcase classname="CodenBoxAutomationTest.CodenBoxAutomationTest.AppTest" name="SwitchWindow" time="6.262"/>
  <testcase classname="CodenBoxAutomationTest.CodenBoxAutomationTest.AppTest" name="OpenTab" time="19.802"/>
  <testcase classname="CodenBoxAutomationTest.CodenBoxAutomationTest.AppTest" name="SwitchToAlert" time="2.560"/>
  <testcase classname="CodenBoxAutomationTest.CodenBoxAutomationTest.AppTest" name="WebTable" time="1.149"/>
  <testcase classname="CodenBoxAutomationTest.CodenBoxAutomationTest.AppTest" name="PrintTableRows" time="0.263"/>
  <testcase classname="CodenBoxAutomationTest.CodenBoxAutomationTest.AppTest" name="HideAndShowTextbox" time="2.551"/>
  <testcase classname="CodenBoxAutomationTest.CodenBoxAutomationTest.AppTest" name="MouseHover" time="10.367"/>
  <testcase classname="CodenBoxAutomationTest.CodenBoxAutomationTest.AppTest" name="IframeTest" time="2.480"/>
  <testcase classname="CodenBoxAutomationTest.CodenBoxAutomationTest.AppTest" name="DownloadApkFileAndScreenshot" time="1.453"/>
  <testcase classname="CodenBoxAutomationTest.CodenBoxAutomationTest.AppTest" name="DownloadApkFileAndScreenshot" time="1.328"/>
  <testcase classname="CodenBoxAutomationTest.CodenBoxAutomationTest.AppTest" name="DownloadApkFileAndScreenshot" time="1.531"/>
  <testcase classname="CodenBoxAutomationTest.CodenBoxAutomationTest.AppTest" name="DownloadApkFileAndScreenshot" time="1.355"/>
  <testcase classname="CodenBoxAutomationTest.CodenBoxAutomationTest.AppTest" name="DownloadApkFileAndScreenshot" time="2.419"/>
</testsuite> <!-- CodenBoxAutomationTest.CodenBoxAutomationTest.AppTest -->
